Added Component: Designator=P1(Final Board uSD)
Added Pin To Net: NetName=GND Pin=P1-6
Added Pin To Net: NetName=GND Pin=P1-9
Added Pin To Net: NetName=GND Pin=P1-10
Added Pin To Net: NetName=GND Pin=P1-11
Added Pin To Net: NetName=GND Pin=P1-14
Added Pin To Net: NetName=GND Pin=U6-1
Added Pin To Net: NetName=GND Pin=U6-4
Added Pin To Net: NetName=GND Pin=U6-10
Added Pin To Net: NetName=GND Pin=U6-13
Added Pin To Net: NetName=GND Pin=U6-14
Added Net: Name=GND
Added Pin To Net: NetName=IOO_IO_3! Pin=R7-2
Added Pin To Net: NetName=IOO_IO_3! Pin=U6-12
Added Net: Name=IOO_IO_3!
Added Pin To Net: NetName=NetP1_2 Pin=P1-2
Added Pin To Net: NetName=NetP1_2 Pin=U6-11
Added Net: Name=NetP1_2
Added Pin To Net: NetName=NetP1_3 Pin=P1-3
Added Pin To Net: NetName=NetP1_3 Pin=U6-8
Added Net: Name=NetP1_3
Added Pin To Net: NetName=NetP1_5 Pin=P1-5
Added Pin To Net: NetName=NetP1_5 Pin=U6-3
Added Net: Name=NetP1_5
Added Pin To Net: NetName=NetP1_7 Pin=P1-7
Added Pin To Net: NetName=NetP1_7 Pin=U6-5
Added Net: Name=NetP1_7
Added Pin To Net: NetName=SPI_CLK Pin=U6-2
Added Net: Name=SPI_CLK
Added Pin To Net: NetName=SPI_MOSI Pin=U6-9
Added Net: Name=SPI_MOSI
Added Pin To Net: NetName=V33 Pin=P1-4
Added Pin To Net: NetName=V33 Pin=R7-1
Added Net: Name=V33
Added Class: Name=sd
